\BOOKMARK [0][-]{chapter*.4}{Introduction}{}% 1
\BOOKMARK [0][-]{chapter.1}{L'\351volution des data centres vers le Cloud Computing et le Software-Defined Data Centre}{}% 2
\BOOKMARK [1][-]{section.1.1}{Data centres et ses objectifs}{chapter.1}% 3
\BOOKMARK [1][-]{section.1.2}{Organisation d'un data centre et difficult\351s}{chapter.1}% 4
\BOOKMARK [1][-]{section.1.3}{Virtualisation}{chapter.1}% 5
\BOOKMARK [1][-]{section.1.4}{Technologies Associ\351es}{chapter.1}% 6
\BOOKMARK [1][-]{section.1.5}{Principaux Challenges}{chapter.1}% 7
\BOOKMARK [1][-]{section.1.6}{Tendances des meilleures pratiques}{chapter.1}% 8
\BOOKMARK [2][-]{subsection.1.6.1}{\311nergie}{section.1.6}% 9
\BOOKMARK [1][-]{section.1.7}{Architecture}{chapter.1}% 10
\BOOKMARK [1][-]{section.1.8}{Cloud Computing}{chapter.1}% 11
\BOOKMARK [0][-]{chapter.2}{Cloud Computing}{}% 12
\BOOKMARK [1][-]{section.2.1}{D\351finition}{chapter.2}% 13
\BOOKMARK [1][-]{section.2.2}{Nouveau business model}{chapter.2}% 14
\BOOKMARK [1][-]{section.2.3}{Principaux avantages du Cloud Computing}{chapter.2}% 15
\BOOKMARK [1][-]{section.2.4}{Barri\350res au Cloud Computing}{chapter.2}% 16
\BOOKMARK [0][-]{chapter.3}{L'aspect r\351seau}{}% 17
\BOOKMARK [1][-]{section.3.1}{Le r\351seau dans un data centre}{chapter.3}% 18
\BOOKMARK [1][-]{section.3.2}{Challenges r\351seau}{chapter.3}% 19
\BOOKMARK [1][-]{section.3.3}{Diff\351rents usages}{chapter.3}% 20
\BOOKMARK [1][-]{section.3.4}{Agilit\351}{chapter.3}% 21
\BOOKMARK [1][-]{section.3.5}{S\351curit\351}{chapter.3}% 22
\BOOKMARK [1][-]{section.3.6}{Changement des r\351seaux data centre}{chapter.3}% 23
\BOOKMARK [0][-]{chapter.4}{Applications SDN}{}% 24
\BOOKMARK [1][-]{section.4.1}{Red\351finition de SDN}{chapter.4}% 25
\BOOKMARK [1][-]{section.4.2}{Solutions}{chapter.4}% 26
\BOOKMARK [0][-]{chapter.5}{Apports de SDN aux data centres}{}% 27
\BOOKMARK [1][-]{section.5.1}{Diff\351rents usages}{chapter.5}% 28
\BOOKMARK [1][-]{section.5.2}{Agilit\351}{chapter.5}% 29
\BOOKMARK [1][-]{section.5.3}{S\351curit\351}{chapter.5}% 30
\BOOKMARK [0][-]{chapter*.5}{Conclusion}{}% 31
\BOOKMARK [0][-]{section*.6}{Acronymes}{}% 32
\BOOKMARK [0][-]{section*.8}{Glossaire}{}% 33
\BOOKMARK [0][-]{chapter*.10}{Bibliographie}{}% 34
